0 info it worked if it ends with ok
1 verbose cli [ '/usr/bin/node', '/usr/bin/npm', 'install' ]
2 info using npm@1.4.28
3 info using node@v0.10.38
4 verbose node symlink /usr/bin/node
5 verbose readDependencies using package.json deps
6 verbose install where, deps [ '/home/hch/Github/graphicsmagick-stream',
6 verbose install   [ 'once', 'xtend', 'tape', 'tar-stream' ] ]
7 info preinstall graphicsmagick-stream@2.1.0
8 verbose readDependencies using package.json deps
9 verbose already installed skipping once@^1.3.0 /home/hch/Github/graphicsmagick-stream
10 verbose already installed skipping xtend@^3.0.0 /home/hch/Github/graphicsmagick-stream
11 verbose already installed skipping tape@^4.0.0 /home/hch/Github/graphicsmagick-stream
12 verbose already installed skipping tar-stream@^1.1.4 /home/hch/Github/graphicsmagick-stream
13 silly resolved []
14 info build /home/hch/Github/graphicsmagick-stream
15 verbose linkStuff [ false, false, false, '/home/hch/Github' ]
16 info linkStuff graphicsmagick-stream@2.1.0
17 verbose linkBins graphicsmagick-stream@2.1.0
18 verbose linkMans graphicsmagick-stream@2.1.0
19 verbose rebuildBundles graphicsmagick-stream@2.1.0
20 verbose rebuildBundles [ '.bin', 'once', 'tape', 'tar-stream', 'xtend' ]
21 info install graphicsmagick-stream@2.1.0
22 verbose unsafe-perm in lifecycle true
23 info graphicsmagick-stream@2.1.0 Failed to exec install script
24 error graphicsmagick-stream@2.1.0 install: `make`
24 error Exit status 2
25 error Failed at the graphicsmagick-stream@2.1.0 install script.
25 error This is most likely a problem with the graphicsmagick-stream package,
25 error not with npm itself.
25 error Tell the author that this fails on your system:
25 error     make
25 error You can get their info via:
25 error     npm owner ls graphicsmagick-stream
25 error There is likely additional logging output above.
26 error System Linux 3.11.0-15-generic
27 error command "/usr/bin/node" "/usr/bin/npm" "install"
28 error cwd /home/hch/Github/graphicsmagick-stream
29 error node -v v0.10.38
30 error npm -v 1.4.28
31 error code ELIFECYCLE
32 verbose exit [ 1, true ]
